2024-08-04 19:21:40,907 - INFO - Autenticación exitosa con Spotify
2024-08-04 19:21:42,131 - INFO - Conexión exitosa a Redshift
2024-08-04 19:21:42,131 - INFO - Cursor creado exitosamente
2024-08-04 19:21:42,627 - INFO - Tabla 'canciones' creada o ya existe
2024-08-04 19:21:43,125 - INFO - Tabla 'canciones' truncada
2024-08-04 19:21:53,755 - INFO - Datos obtenidos para el año 2022
2024-08-04 19:22:04,105 - INFO - Datos obtenidos para el año 2023
2024-08-04 19:22:14,654 - INFO - Datos obtenidos para el año 2024
2024-08-04 19:22:14,656 - INFO - DataFrame creado exitosamente
2024-08-04 19:22:15,380 - INFO - Datos insertados exitosamente en Redshift
2024-08-04 19:22:15,385 - INFO - Conexión a Redshift cerrada
2024-08-04 19:32:36,439 - INFO - Autenticación exitosa con Spotify
2024-08-04 19:32:37,566 - INFO - Conexión exitosa a Redshift
2024-08-04 19:32:37,566 - INFO - Cursor creado exitosamente
2024-08-04 19:32:38,052 - INFO - Tabla 'canciones' creada o ya existe
2024-08-04 19:32:38,541 - INFO - Tabla 'canciones' truncada
2024-08-04 19:32:48,703 - INFO - Datos obtenidos para el año 2022
2024-08-04 19:32:58,766 - INFO - Datos obtenidos para el año 2023
2024-08-04 19:33:09,064 - INFO - Datos obtenidos para el año 2024
2024-08-04 19:33:09,067 - INFO - DataFrame creado exitosamente
2024-08-04 19:33:09,774 - INFO - Datos insertados exitosamente en Redshift
2024-08-04 19:33:09,775 - INFO - Conexión a Redshift cerrada
2024-08-04 19:33:34,800 - INFO - Autenticación exitosa con Spotify
2024-08-04 19:33:35,906 - INFO - Conexión exitosa a Redshift
2024-08-04 19:33:35,906 - INFO - Cursor creado exitosamente
2024-08-04 19:33:36,409 - INFO - Tabla 'canciones' creada o ya existe
2024-08-04 19:33:36,906 - INFO - Tabla 'canciones' truncada
2024-08-04 19:33:47,553 - INFO - Datos obtenidos para el año 2022
2024-08-04 19:33:57,651 - INFO - Datos obtenidos para el año 2023
2024-08-04 19:34:08,178 - INFO - Datos obtenidos para el año 2024
2024-08-04 19:34:08,179 - INFO - DataFrame creado exitosamente
2024-08-04 19:34:08,885 - INFO - Datos insertados exitosamente en Redshift
2024-08-04 19:34:08,885 - INFO - Conexión a Redshift cerrada
