[2024-08-31T22:49:09.695+0000] {manager.py:470} INFO - Processing files using up to 2 processes at a time 
[2024-08-31T22:49:09.695+0000] {manager.py:471} INFO - Process each file at most once every 30 seconds
[2024-08-31T22:49:09.697+0000] {manager.py:472} INFO - Checking for new files in /opt/airflow/dags every 300 seconds
[2024-08-31T22:49:09.709+0000] {manager.py:737} INFO - Searching for files in /opt/airflow/dags
[2024-08-31T22:49:09.713+0000] {manager.py:740} INFO - There are 0 files in /opt/airflow/dags
[2024-08-31T22:53:51.036+0000] {manager.py:452} INFO - Exiting gracefully upon receiving signal 15
[2024-08-31T22:55:04.769+0000] {manager.py:470} INFO - Processing files using up to 2 processes at a time 
[2024-08-31T22:55:04.778+0000] {manager.py:471} INFO - Process each file at most once every 30 seconds
[2024-08-31T22:55:04.778+0000] {manager.py:472} INFO - Checking for new files in /opt/airflow/dags every 300 seconds
[2024-08-31T22:55:04.780+0000] {manager.py:737} INFO - Searching for files in /opt/airflow/dags
[2024-08-31T22:55:04.781+0000] {manager.py:740} INFO - There are 0 files in /opt/airflow/dags
[2024-08-31T22:58:32.644+0000] {manager.py:452} INFO - Exiting gracefully upon receiving signal 15
[2024-08-31T23:00:13.962+0000] {manager.py:470} INFO - Processing files using up to 2 processes at a time 
[2024-08-31T23:00:13.966+0000] {manager.py:471} INFO - Process each file at most once every 30 seconds
[2024-08-31T23:00:13.972+0000] {manager.py:472} INFO - Checking for new files in /opt/airflow/dags every 300 seconds
[2024-08-31T23:00:13.973+0000] {manager.py:737} INFO - Searching for files in /opt/airflow/dags
[2024-08-31T23:00:13.974+0000] {manager.py:740} INFO - There are 0 files in /opt/airflow/dags
[2024-08-31T23:01:03.244+0000] {manager.py:452} INFO - Exiting gracefully upon receiving signal 15
[2024-08-31T23:10:11.028+0000] {manager.py:470} INFO - Processing files using up to 2 processes at a time 
[2024-08-31T23:10:11.039+0000] {manager.py:471} INFO - Process each file at most once every 30 seconds
[2024-08-31T23:10:11.040+0000] {manager.py:472} INFO - Checking for new files in /opt/airflow/dags every 300 seconds
[2024-08-31T23:10:11.041+0000] {manager.py:737} INFO - Searching for files in /opt/airflow/dags
[2024-08-31T23:10:11.046+0000] {manager.py:740} INFO - There are 0 files in /opt/airflow/dags
[2024-08-31T23:10:35.326+0000] {manager.py:452} INFO - Exiting gracefully upon receiving signal 15
[2024-08-31T23:10:49.935+0000] {manager.py:470} INFO - Processing files using up to 2 processes at a time 
[2024-08-31T23:10:49.935+0000] {manager.py:471} INFO - Process each file at most once every 30 seconds
[2024-08-31T23:10:49.936+0000] {manager.py:472} INFO - Checking for new files in /opt/airflow/dags every 300 seconds
[2024-08-31T23:10:49.936+0000] {manager.py:737} INFO - Searching for files in /opt/airflow/dags
[2024-08-31T23:10:49.938+0000] {manager.py:740} INFO - There are 0 files in /opt/airflow/dags
[2024-08-31T23:15:50.925+0000] {manager.py:737} INFO - Searching for files in /opt/airflow/dags
[2024-08-31T23:15:50.926+0000] {manager.py:740} INFO - There are 0 files in /opt/airflow/dags
